<?xml version="1.0" encoding="UTF-8"?>
<!-- Generated by org.testng.reporters.JUnitXMLReporter -->
<testsuite ignored="0" hostname="C02FXF4AMD6M" failures="3" tests="9" name="Cucumber with TestNg Test" time="217.528" errors="0" timestamp="2024-07-08T16:07:29 CDT">
  <testcase classname="io.cucumber.testng.AbstractTestNGCucumberTests" name="runScenario" time="2.64"/>
  <testcase classname="io.cucumber.testng.AbstractTestNGCucumberTests" name="runScenario" time="0.654"/>
  <testcase classname="io.cucumber.testng.AbstractTestNGCucumberTests" name="runScenario" time="0.436"/>
  <testcase classname="io.cucumber.testng.AbstractTestNGCucumberTests" name="runScenario" time="0.602"/>
  <testcase classname="io.cucumber.testng.AbstractTestNGCucumberTests" name="runScenario" time="24.123">
    <failure type="java.lang.AssertionError" message="Maximum limits are reached and user can no longer log in expected [false] but found [true]">
      <![CDATA[java.lang.AssertionError: Maximum limits are reached and user can no longer log in expected [false] but found [true]
at PageModels.LoginPage.clickNext(LoginPage.java:72)
at stepdefinitions.LoginUISteps.user_enters_examples_credentials(LoginUISteps.java:111)
at ✽.user enters "likithal39@gmail.com" and "Sun$Daisy132"(file:///Users/likitha.lokesh/java-selenium-cucumber/src/test/resources/features/LoginUI.feature:8)
... Removed 3 stack frames]]>
    </failure>
  </testcase> <!-- runScenario -->
  <testcase classname="io.cucumber.testng.AbstractTestNGCucumberTests" name="runScenario" time="15.82">
    <failure type="java.lang.AssertionError" message="Maximum limits are reached and user can no longer log in expected [false] but found [true]">
      <![CDATA[java.lang.AssertionError: Maximum limits are reached and user can no longer log in expected [false] but found [true]
at PageModels.LoginPage.clickNext(LoginPage.java:72)
at stepdefinitions.LoginUISteps.user_clicks_next(LoginUISteps.java:147)
at ✽.user clicks the next button(file:///Users/likitha.lokesh/java-selenium-cucumber/src/test/resources/features/LoginUI.feature:21)
... Removed 3 stack frames]]>
    </failure>
  </testcase> <!-- runScenario -->
  <testcase classname="io.cucumber.testng.AbstractTestNGCucumberTests" name="runScenario" time="30.346">
    <failure type="java.lang.AssertionError" message="Maximum limits are reached and user can no longer log in expected [false] but found [true]">
      <![CDATA[java.lang.AssertionError: Maximum limits are reached and user can no longer log in expected [false] but found [true]
at PageModels.LoginPage.clickNext(LoginPage.java:72)
at stepdefinitions.LoginUISteps.user_enters_datatable_credentials(LoginUISteps.java:129)
at ✽.user enters password(file:///Users/likitha.lokesh/java-selenium-cucumber/src/test/resources/features/LoginUI.feature:30)
... Removed 3 stack frames]]>
    </failure>
  </testcase> <!-- runScenario -->
  <testcase classname="io.cucumber.testng.AbstractTestNGCucumberTests" name="runScenario" time="73.863"/>
  <testcase classname="io.cucumber.testng.AbstractTestNGCucumberTests" name="runScenario" time="64.733"/>
</testsuite> <!-- Cucumber with TestNg Test -->
